<?xml version="1.0" encoding="UTF-8"?>
<!-- Generated by org.testng.reporters.JUnitReportReporter -->
<testsuite skipped="0" hostname="HP" name="javaBasic.Login" tests="2" failures="0" timestamp="19 Jul 2017 15:23:59 GMT" time="35.543" errors="0">
  <testcase name="LoginWithBlankValue" time="12.874" classname="javaBasic.Login"/>
  <testcase name="LoginWithValidValue" time="22.669" classname="javaBasic.Login"/>
</testsuite> <!-- javaBasic.Login -->
