<?xml version="1.0" encoding="UTF-8"?>
<!-- Generated by org.testng.reporters.JUnitReportReporter -->
<testsuite skipped="0" hostname="HP" name="lazada.LoginFunction" tests="1" failures="0" timestamp="16 Jul 2017 03:02:50 GMT" time="14.128" errors="0">
  <testcase name="ValidateLogin" time="14.128" classname="lazada.LoginFunction"/>
</testsuite> <!-- lazada.LoginFunction -->
