<?xml version="1.0" encoding="UTF-8"?>
<!-- Generated by org.testng.reporters.JUnitReportReporter -->
<testsuite skipped="2" hostname="HP" name="lazada.LoginFunction" tests="2" failures="0" timestamp="14 Dec 2017 16:21:49 GMT" time="0.000" errors="0">
  <testcase name="checkActiveLinks" time="0.000" classname="lazada.LoginFunction">
    <skipped/>
  </testcase> <!-- checkActiveLinks -->
  <testcase name="loginForm" time="0.000" classname="lazada.LoginFunction">
    <skipped/>
  </testcase> <!-- loginForm -->
</testsuite> <!-- lazada.LoginFunction -->
