<?xml version="1.0" encoding="UTF-8"?>
<!-- Generated by org.testng.reporters.JUnitReportReporter -->
<testsuite skipped="0" hostname="HP" name="appiumdemo.LazadaDemo" tests="1" failures="0" timestamp="12 Aug 2017 11:15:35 GMT" time="11.703" errors="0">
  <testcase name="TestClick" time="11.703" classname="appiumdemo.LazadaDemo"/>
</testsuite> <!-- appiumdemo.LazadaDemo -->
