<?xml version="1.0" encoding="UTF-8"?>
<!-- Generated by org.testng.reporters.JUnitReportReporter -->
<testsuite skipped="0" hostname="HP" name="lazada.ForgotPasswordFunction" tests="1" failures="0" timestamp="16 Oct 2017 10:02:04 GMT" time="21.461" errors="0">
  <testcase name="CheckReceivedEmail" time="21.461" classname="lazada.ForgotPasswordFunction"/>
</testsuite> <!-- lazada.ForgotPasswordFunction -->
