<?xml version="1.0" encoding="UTF-8"?>
<!-- Generated by org.testng.reporters.JUnitReportReporter -->
<testsuite skipped="0" hostname="HP" name="lazada.Home" tests="2" failures="0" timestamp="16 Oct 2017 13:24:29 GMT" time="30.755" errors="0">
  <testcase name="CheckBasket" time="19.288" classname="lazada.Home"/>
  <testcase name="CheckLinkCachMangMuaSam" time="11.467" classname="lazada.Home"/>
</testsuite> <!-- lazada.Home -->
