<?xml version="1.0" encoding="UTF-8"?>
<!-- Generated by org.testng.reporters.JUnitReportReporter -->
<testsuite skipped="1" hostname="HP" name="lazadaWebdriver.LoginFunction" tests="1" failures="0" timestamp="03 Nov 2017 02:32:32 GMT" time="0.000" errors="0">
  <testcase name="LoginForm" time="0.000" classname="lazadaWebdriver.LoginFunction">
    <skipped/>
  </testcase> <!-- LoginForm -->
</testsuite> <!-- lazadaWebdriver.LoginFunction -->
