<?xml version="1.0" encoding="UTF-8"?>
<!-- Generated by org.testng.reporters.JUnitReportReporter -->
<testsuite skipped="0" hostname="HP" name="dataprovider.dataProvider" tests="6" failures="0" timestamp="23 Jul 2017 11:38:33 GMT" time="48.661" errors="0">
  <testcase name="ValidateEmail" time="7.075" classname="dataprovider.dataProvider"/>
  <testcase name="ValidateEmail" time="5.719" classname="dataprovider.dataProvider"/>
  <testcase name="ValidateEmail" time="13.802" classname="dataprovider.dataProvider"/>
  <testcase name="ValidateEmail" time="11.913" classname="dataprovider.dataProvider"/>
  <testcase name="ValidateEmail" time="4.598" classname="dataprovider.dataProvider"/>
  <testcase name="ValidateEmail" time="5.554" classname="dataprovider.dataProvider"/>
</testsuite> <!-- dataprovider.dataProvider -->
